make --dry-run --always-make --keep-going --print-directory
make: Entering directory '/workspaces/example/openssl'
Detected changed: Configure config build.info crypto/build.info ssl/build.info apps/build.info util/build.info tools/build.info fuzz/build.info providers/build.info doc/build.info test/build.info engines/build.info crypto/objects/build.info crypto/buffer/build.info crypto/bio/build.info crypto/stack/build.info crypto/lhash/build.info crypto/rand/build.info crypto/evp/build.info crypto/asn1/build.info crypto/pem/build.info crypto/x509/build.info crypto/conf/build.info crypto/txt_db/build.info crypto/pkcs7/build.info crypto/pkcs12/build.info crypto/ui/build.info crypto/kdf/build.info crypto/store/build.info crypto/property/build.info crypto/md4/build.info crypto/md5/build.info crypto/sha/build.info crypto/mdc2/build.info crypto/hmac/build.info crypto/ripemd/build.info crypto/whrlpool/build.info crypto/poly1305/build.info crypto/siphash/build.info crypto/sm3/build.info crypto/des/build.info crypto/aes/build.info crypto/rc2/build.info crypto/rc4/build.info crypto/idea/build.info crypto/aria/build.info crypto/bf/build.info crypto/cast/build.info crypto/camellia/build.info crypto/seed/build.info crypto/sm4/build.info crypto/chacha/build.info crypto/modes/build.info crypto/bn/build.info crypto/ec/build.info crypto/rsa/build.info crypto/dsa/build.info crypto/dh/build.info crypto/sm2/build.info crypto/dso/build.info crypto/engine/build.info crypto/err/build.info crypto/comp/build.info crypto/http/build.info crypto/ocsp/build.info crypto/cms/build.info crypto/ts/build.info crypto/srp/build.info crypto/cmac/build.info crypto/ct/build.info crypto/async/build.info crypto/ess/build.info crypto/crmf/build.info crypto/cmp/build.info crypto/encode_decode/build.info crypto/ffc/build.info apps/lib/build.info providers/common/build.info providers/implementations/build.info doc/man1/build.info providers/common/der/build.info providers/implementations/digests/build.info providers/implementations/ciphers/build.info providers/implementations/rands/build.info providers/implementations/macs/build.info providers/implementations/kdfs/build.info providers/implementations/exchange/build.info providers/implementations/keymgmt/build.info providers/implementations/signature/build.info providers/implementations/asymciphers/build.info providers/implementations/encode_decode/build.info providers/implementations/storemgmt/build.info providers/implementations/kem/build.info providers/implementations/rands/seeding/build.info Configurations/00-base-templates.conf Configurations/10-main.conf
/opt/dalos/2.7.1/sysroots/x86_64-dalossdk-linux/usr/bin/perl.real configdata.pm -r
 
Configuring OpenSSL version 3.1.0-dev for target linux-generic32
Using os-specific seed configuration
 
No changes in configdata.pm, no need to run it

**********************************************************************
***                                                                ***
***   OpenSSL has been successfully configured                     ***
***                                                                ***
***   If you encounter a problem while building, please open an    ***
***   issue on GitHub <https://github.com/openssl/openssl/issues>  ***
***   and include the output from the following command:           ***
***                                                                ***
***       perl configdata.pm --dump                                ***
***                                                                ***
***   (If you are new to OpenSSL, you might want to consult the    ***
***   'Troubleshooting' section in the INSTALL.md file first)      ***
***                                                                ***
**********************************************************************
**************************************************
***                                            ***
***   Please run the same make command again   ***
***                                            ***
 
**************************************************
 
make: *** [Makefile:4208: configdata.pm] Error 1
make: Failed to remake makefile 'Makefile'.

make: Leaving directory '/workspaces/example/openssl'
 
